# JRE version: OpenJDK Runtime Environment Corretto-17.0.4.9.1 (17.0.4.1+9) (build 17.0.4.1+9-LTS)
# Java VM: OpenJDK 64-Bit Server VM Corretto-17.0.4.9.1 (17.0.4.1+9-LTS, mixed mode, sharing, tiered, compressed oops, compressed class ptrs, g1 gc, windows-amd64)
GC Precious Log:
 CPUs: 8 total, 8 available
 Memory: 16057M
 Large Page Support: Disabled
 NUMA Support: Disabled
 Compressed Oops: Enabled (Zero based)
 Heap Region Size: 2M
 Heap Min Capacity: 8M
 Heap Initial Capacity: 252M
 Heap Max Capacity: 4016M
 Pre-touch: Disabled
 Parallel Workers: 8
 Concurrent Workers: 2
 Concurrent Refinement Workers: 8
 Periodic GC: Disabled
Heap:
 garbage-first heap   total 75776K, used 28777K [0x0000000705000000, 0x0000000800000000)
  region size 2048K, 4 young (8192K), 2 survivors (4096K)
 Metaspace       used 60190K, committed 60736K, reserved 1105920K
  class space    used 8726K, committed 8960K, reserved 1048576K
GC Heap History (20 events):
Event: 1.491 GC heap before
{Heap before GC invocations=2 (full 0):
 garbage-first heap   total 258048K, used 70338K [0x0000000705000000, 0x0000000800000000)
  region size 2048K, 33 young (67584K), 1 survivors (2048K)
 Metaspace       used 21234K, committed 21568K, reserved 1073152K
  class space    used 2805K, committed 2944K, reserved 1048576K
}
Event: 1.498 GC heap after
{Heap after GC invocations=3 (full 0):
 garbage-first heap   total 258048K, used 13792K [0x0000000705000000, 0x0000000800000000)
  region size 2048K, 4 young (8192K), 4 survivors (8192K)
 Metaspace       used 21234K, committed 21568K, reserved 1073152K
  class space    used 2805K, committed 2944K, reserved 1048576K
}
Event: 1.862 GC heap before
{Heap before GC invocations=4 (full 0):
 garbage-first heap   total 61440K, used 42464K [0x0000000705000000, 0x0000000800000000)
  region size 2048K, 18 young (36864K), 4 survivors (8192K)
 Metaspace       used 25568K, committed 25920K, reserved 1073152K
  class space    used 3440K, committed 3648K, reserved 1048576K
}
Event: 1.867 GC heap after
{Heap after GC invocations=5 (full 0):
 garbage-first heap   total 61440K, used 14719K [0x0000000705000000, 0x0000000800000000)
  region size 2048K, 1 young (2048K), 1 survivors (2048K)
 Metaspace       used 25568K, committed 25920K, reserved 1073152K
  class space    used 3440K, committed 3648K, reserved 1048576K
}
Event: 2.231 GC heap before
{Heap before GC invocations=5 (full 0):
 garbage-first heap   total 61440K, used 39295K [0x0000000705000000, 0x0000000800000000)
  region size 2048K, 13 young (26624K), 1 survivors (2048K)
 Metaspace       used 30017K, committed 30400K, reserved 1081344K
  class space    used 4039K, committed 4224K, reserved 1048576K
}
Event: 2.235 GC heap after
{Heap after GC invocations=6 (full 0):
 garbage-first heap   total 61440K, used 16009K [0x0000000705000000, 0x0000000800000000)
  region size 2048K, 2 young (4096K), 2 survivors (4096K)
 Metaspace       used 30017K, committed 30400K, reserved 1081344K
  class space    used 4039K, committed 4224K, reserved 1048576K
}
Event: 2.613 GC heap before
{Heap before GC invocations=6 (full 0):
 garbage-first heap   total 61440K, used 40585K [0x0000000705000000, 0x0000000800000000)
  region size 2048K, 14 young (28672K), 2 survivors (4096K)
 Metaspace       used 35505K, committed 35904K, reserved 1081344K
  class space    used 4839K, committed 5056K, reserved 1048576K
}
Event: 2.620 GC heap after
{Heap after GC invocations=7 (full 0):
 garbage-first heap   total 61440K, used 17199K [0x0000000705000000, 0x0000000800000000)
  region size 2048K, 2 young (4096K), 2 survivors (4096K)
 Metaspace       used 35505K, committed 35904K, reserved 1081344K
  class space    used 4839K, committed 5056K, reserved 1048576K
}
Event: 2.634 GC heap before
{Heap before GC invocations=7 (full 0):
 garbage-first heap   total 61440K, used 17199K [0x0000000705000000, 0x0000000800000000)
  region size 2048K, 3 young (6144K), 2 survivors (4096K)
 Metaspace       used 35626K, committed 35968K, reserved 1081344K
  class space    used 4860K, committed 5056K, reserved 1048576K
}
Event: 2.640 GC heap after
{Heap after GC invocations=8 (full 0):
 garbage-first heap   total 159744K, used 17475K [0x0000000705000000, 0x0000000800000000)
  region size 2048K, 1 young (2048K), 1 survivors (2048K)
 Metaspace       used 35626K, committed 35968K, reserved 1081344K
  class space    used 4860K, committed 5056K, reserved 1048576K
}
Event: 3.310 GC heap before
{Heap before GC invocations=9 (full 0):
 garbage-first heap   total 75776K, used 60483K [0x0000000705000000, 0x0000000800000000)
  region size 2048K, 22 young (45056K), 1 survivors (2048K)
 Metaspace       used 44688K, committed 45120K, reserved 1089536K
  class space    used 6152K, committed 6336K, reserved 1048576K
}
Event: 3.316 GC heap after
{Heap after GC invocations=10 (full 0):
 garbage-first heap   total 75776K, used 20187K [0x0000000705000000, 0x0000000800000000)
  region size 2048K, 2 young (4096K), 2 survivors (4096K)
 Metaspace       used 44688K, committed 45120K, reserved 1089536K
  class space    used 6152K, committed 6336K, reserved 1048576K
}
Event: 3.876 GC heap before
{Heap before GC invocations=10 (full 0):
 garbage-first heap   total 75776K, used 52955K [0x0000000705000000, 0x0000000800000000)
  region size 2048K, 19 young (38912K), 2 survivors (4096K)
 Metaspace       used 50995K, committed 51456K, reserved 1097728K
  class space    used 7185K, committed 7424K, reserved 1048576K
}
Event: 3.885 GC heap after
{Heap after GC invocations=11 (full 0):
 garbage-first heap   total 75776K, used 21755K [0x0000000705000000, 0x0000000800000000)
  region size 2048K, 3 young (6144K), 3 survivors (6144K)
 Metaspace       used 50995K, committed 51456K, reserved 1097728K
  class space    used 7185K, committed 7424K, reserved 1048576K
}
Event: 4.372 GC heap before
{Heap before GC invocations=11 (full 0):
 garbage-first heap   total 75776K, used 52475K [0x0000000705000000, 0x0000000800000000)
  region size 2048K, 19 young (38912K), 3 survivors (6144K)
 Metaspace       used 56007K, committed 56576K, reserved 1097728K
  class space    used 7941K, committed 8192K, reserved 1048576K
}
Event: 4.384 GC heap after
{Heap after GC invocations=12 (full 0):
 garbage-first heap   total 75776K, used 24216K [0x0000000705000000, 0x0000000800000000)
  region size 2048K, 2 young (4096K), 2 survivors (4096K)
 Metaspace       used 56007K, committed 56576K, reserved 1097728K
  class space    used 7941K, committed 8192K, reserved 1048576K
}
Event: 4.693 GC heap before
{Heap before GC invocations=12 (full 0):
 garbage-first heap   total 75776K, used 56984K [0x0000000705000000, 0x0000000800000000)
  region size 2048K, 18 young (36864K), 2 survivors (4096K)
 Metaspace       used 58981K, committed 59520K, reserved 1105920K
  class space    used 8509K, committed 8768K, reserved 1048576K
}
Event: 4.701 GC heap after
{Heap after GC invocations=13 (full 0):
 garbage-first heap   total 75776K, used 26088K [0x0000000705000000, 0x0000000800000000)
  region size 2048K, 3 young (6144K), 3 survivors (6144K)
 Metaspace       used 58981K, committed 59520K, reserved 1105920K
  class space    used 8509K, committed 8768K, reserved 1048576K
}
Event: 4.849 GC heap before
{Heap before GC invocations=13 (full 0):
 garbage-first heap   total 75776K, used 46568K [0x0000000705000000, 0x0000000800000000)
  region size 2048K, 14 young (28672K), 3 survivors (6144K)
 Metaspace       used 59699K, committed 60160K, reserved 1105920K
  class space    used 8611K, committed 8832K, reserved 1048576K
}
Event: 4.857 GC heap after
{Heap after GC invocations=14 (full 0):
 garbage-first heap   total 75776K, used 26729K [0x0000000705000000, 0x0000000800000000)
  region size 2048K, 2 young (4096K), 2 survivors (4096K)
 Metaspace       used 59699K, committed 60160K, reserved 1105920K
  class space    used 8611K, committed 8832K, reserved 1048576K
}

